{"/Users/sidmason-malik/Coding/Makers/tech_tests/bank_javascript/src/account.js":{"path":"/Users/sidmason-malik/Coding/Makers/tech_tests/bank_javascript/src/account.js","s":{"1":1,"2":1,"3":3,"4":3,"5":4,"6":4,"7":4,"8":2,"9":2,"10":1,"11":1},"b":{},"f":{"1":3,"2":4,"3":2,"4":1},"fnMap":{"1":{"name":"(anonymous_1)","line":7,"loc":{"start":{"line":7,"column":13},"end":{"line":7,"column":16}}},"2":{"name":"(anonymous_2)","line":12,"loc":{"start":{"line":12,"column":9},"end":{"line":12,"column":18}}},"3":{"name":"(anonymous_3)","line":18,"loc":{"start":{"line":18,"column":10},"end":{"line":18,"column":19}}},"4":{"name":"(anonymous_4)","line":22,"loc":{"start":{"line":22,"column":11},"end":{"line":22,"column":14}}}},"statementMap":{"1":{"start":{"line":2,"column":0},"end":{"line":2,"column":45}},"2":{"start":{"line":3,"column":0},"end":{"line":3,"column":44}},"3":{"start":{"line":8,"column":4},"end":{"line":8,"column":21}},"4":{"start":{"line":9,"column":4},"end":{"line":9,"column":43}},"5":{"start":{"line":13,"column":4},"end":{"line":13,"column":27}},"6":{"start":{"line":14,"column":4},"end":{"line":14,"column":61}},"7":{"start":{"line":15,"column":4},"end":{"line":15,"column":24}},"8":{"start":{"line":19,"column":4},"end":{"line":19,"column":27}},"9":{"start":{"line":20,"column":4},"end":{"line":20,"column":61}},"10":{"start":{"line":23,"column":4},"end":{"line":23,"column":61}},"11":{"start":{"line":26,"column":0},"end":{"line":26,"column":25}}},"branchMap":{}},"/Users/sidmason-malik/Coding/Makers/tech_tests/bank_javascript/src/transactions.js":{"path":"/Users/sidmason-malik/Coding/Makers/tech_tests/bank_javascript/src/transactions.js","s":{"1":4,"2":7,"3":1},"b":{},"f":{"1":4,"2":7},"fnMap":{"1":{"name":"(anonymous_1)","line":4,"loc":{"start":{"line":4,"column":13},"end":{"line":4,"column":16}}},"2":{"name":"(anonymous_2)","line":8,"loc":{"start":{"line":8,"column":7},"end":{"line":8,"column":40}}}},"statementMap":{"1":{"start":{"line":5,"column":4},"end":{"line":5,"column":22}},"2":{"start":{"line":9,"column":4},"end":{"line":10,"column":39}},"3":{"start":{"line":13,"column":0},"end":{"line":13,"column":30}}},"branchMap":{}},"/Users/sidmason-malik/Coding/Makers/tech_tests/bank_javascript/src/formatter.js":{"path":"/Users/sidmason-malik/Coding/Makers/tech_tests/bank_javascript/src/formatter.js","s":{"1":1,"2":1,"3":7,"4":1,"5":14,"6":1,"7":6,"8":1,"9":3,"10":3,"11":6,"12":6,"13":3,"14":1,"15":1,"16":1},"b":{"1":[7,7]},"f":{"1":7,"2":14,"3":6,"4":3,"5":6},"fnMap":{"1":{"name":"formatDate","line":5,"loc":{"start":{"line":5,"column":0},"end":{"line":5,"column":26}}},"2":{"name":"formatAmount","line":9,"loc":{"start":{"line":9,"column":0},"end":{"line":9,"column":30}}},"3":{"name":"formatBalance","line":13,"loc":{"start":{"line":13,"column":0},"end":{"line":13,"column":31}}},"4":{"name":"formatOutput","line":17,"loc":{"start":{"line":17,"column":0},"end":{"line":17,"column":42}}},"5":{"name":"(anonymous_5)","line":19,"loc":{"start":{"line":19,"column":39},"end":{"line":19,"column":61}}}},"statementMap":{"1":{"start":{"line":3,"column":0},"end":{"line":3,"column":53}},"2":{"start":{"line":5,"column":0},"end":{"line":7,"column":1}},"3":{"start":{"line":6,"column":2},"end":{"line":6,"column":42}},"4":{"start":{"line":9,"column":0},"end":{"line":11,"column":1}},"5":{"start":{"line":10,"column":2},"end":{"line":10,"column":59}},"6":{"start":{"line":13,"column":0},"end":{"line":15,"column":1}},"7":{"start":{"line":14,"column":2},"end":{"line":14,"column":34}},"8":{"start":{"line":17,"column":0},"end":{"line":27,"column":1}},"9":{"start":{"line":18,"column":2},"end":{"line":18,"column":23}},"10":{"start":{"line":19,"column":2},"end":{"line":25,"column":5}},"11":{"start":{"line":20,"column":4},"end":{"line":23,"column":71}},"12":{"start":{"line":24,"column":4},"end":{"line":24,"column":39}},"13":{"start":{"line":26,"column":2},"end":{"line":26,"column":16}},"14":{"start":{"line":29,"column":0},"end":{"line":29,"column":39}},"15":{"start":{"line":30,"column":0},"end":{"line":30,"column":43}},"16":{"start":{"line":31,"column":0},"end":{"line":31,"column":43}}},"branchMap":{"1":{"line":10,"type":"cond-expr","locations":[{"start":{"line":10,"column":27},"end":{"line":10,"column":30}},{"start":{"line":10,"column":33},"end":{"line":10,"column":57}}]}}},"/Users/sidmason-malik/Coding/Makers/tech_tests/bank_javascript/src/index.js":{"path":"/Users/sidmason-malik/Coding/Makers/tech_tests/bank_javascript/src/index.js","s":{"1":0,"2":0,"3":0,"4":0,"5":0,"6":0},"b":{},"f":{},"fnMap":{},"statementMap":{"1":{"start":{"line":3,"column":0},"end":{"line":3,"column":40}},"2":{"start":{"line":6,"column":0},"end":{"line":6,"column":28}},"3":{"start":{"line":7,"column":0},"end":{"line":7,"column":20}},"4":{"start":{"line":8,"column":0},"end":{"line":8,"column":20}},"5":{"start":{"line":9,"column":0},"end":{"line":9,"column":21}},"6":{"start":{"line":10,"column":0},"end":{"line":10,"column":33}}},"branchMap":{}}}