TN:
SF:/Users/sidmason-malik/Coding/Makers/tech_tests/bank_javascript/src/account.js
FN:7,(anonymous_1)
FN:12,(anonymous_2)
FN:18,(anonymous_3)
FN:22,(anonymous_4)
FNF:4
FNH:4
FNDA:3,(anonymous_1)
FNDA:4,(anonymous_2)
FNDA:2,(anonymous_3)
FNDA:1,(anonymous_4)
DA:2,1
DA:3,1
DA:8,3
DA:9,3
DA:13,4
DA:14,4
DA:15,4
DA:19,2
DA:20,2
DA:23,1
DA:26,1
LF:11
LH:11
BRF:0
BRH:0
end_of_record
TN:
SF:/Users/sidmason-malik/Coding/Makers/tech_tests/bank_javascript/src/transactions.js
FN:4,(anonymous_1)
FN:8,(anonymous_2)
FNF:2
FNH:2
FNDA:4,(anonymous_1)
FNDA:7,(anonymous_2)
DA:5,4
DA:9,7
DA:13,1
LF:3
LH:3
BRF:0
BRH:0
end_of_record
TN:
SF:/Users/sidmason-malik/Coding/Makers/tech_tests/bank_javascript/src/formatter.js
FN:5,formatDate
FN:9,formatAmount
FN:13,formatBalance
FN:17,formatOutput
FN:19,(anonymous_5)
FNF:5
FNH:5
FNDA:7,formatDate
FNDA:14,formatAmount
FNDA:6,formatBalance
FNDA:3,formatOutput
FNDA:6,(anonymous_5)
DA:3,1
DA:5,1
DA:6,7
DA:9,1
DA:10,14
DA:13,1
DA:14,6
DA:17,1
DA:18,3
DA:19,3
DA:20,6
DA:24,6
DA:26,3
DA:29,1
DA:30,1
DA:31,1
LF:16
LH:16
BRDA:10,1,0,7
BRDA:10,1,1,7
BRF:2
BRH:2
end_of_record
TN:
SF:/Users/sidmason-malik/Coding/Makers/tech_tests/bank_javascript/src/index.js
FNF:0
FNH:0
DA:3,0
DA:6,0
DA:7,0
DA:8,0
DA:9,0
DA:10,0
LF:6
LH:0
BRF:0
BRH:0
end_of_record
